0 info it worked if it ends with ok
1 verbose cli [ 'node',
1 verbose cli   '/usr/local/bin/npm',
1 verbose cli   'install',
1 verbose cli   '--save-dev',
1 verbose cli   'grunt-config-jshint' ]
2 info using npm@1.4.28
3 info using node@v0.10.35
4 warn package.json package.json@0.0.0 No repository field.
5 verbose cache add [ 'grunt-config-jshint', null ]
6 verbose cache add name=undefined spec="grunt-config-jshint" args=["grunt-config-jshint",null]
7 verbose parsed url { protocol: null,
7 verbose parsed url   slashes: null,
7 verbose parsed url   auth: null,
7 verbose parsed url   host: null,
7 verbose parsed url   port: null,
7 verbose parsed url   hostname: null,
7 verbose parsed url   hash: null,
7 verbose parsed url   search: null,
7 verbose parsed url   query: null,
7 verbose parsed url   pathname: 'grunt-config-jshint',
7 verbose parsed url   path: 'grunt-config-jshint',
7 verbose parsed url   href: 'grunt-config-jshint' }
8 silly lockFile 6606918e-grunt-config-jshint grunt-config-jshint
9 verbose lock grunt-config-jshint /Users/stefanredfield/.npm/6606918e-grunt-config-jshint.lock
10 silly lockFile 6606918e-grunt-config-jshint grunt-config-jshint
11 silly lockFile 6606918e-grunt-config-jshint grunt-config-jshint
12 verbose addNamed [ 'grunt-config-jshint', '' ]
13 verbose addNamed [ null, '*' ]
14 silly lockFile 52200649-grunt-config-jshint grunt-config-jshint@
15 verbose lock grunt-config-jshint@ /Users/stefanredfield/.npm/52200649-grunt-config-jshint.lock
16 silly addNameRange { name: 'grunt-config-jshint', range: '*', hasData: false }
17 verbose request where is /grunt-config-jshint
18 verbose request registry https://registry.npmjs.org/
19 verbose request id 72509030347f00ae
20 verbose url raw /grunt-config-jshint
21 verbose url resolving [ 'https://registry.npmjs.org/', './grunt-config-jshint' ]
22 verbose url resolved https://registry.npmjs.org/grunt-config-jshint
23 verbose request where is https://registry.npmjs.org/grunt-config-jshint
24 info trying registry request attempt 1 at 13:34:51
25 http GET https://registry.npmjs.org/grunt-config-jshint
26 http 404 https://registry.npmjs.org/grunt-config-jshint
27 verbose headers { date: 'Sun, 08 Mar 2015 20:34:52 GMT',
27 verbose headers   server: 'CouchDB/1.5.0 (Erlang OTP/R16B03)',
27 verbose headers   'content-type': 'application/json',
27 verbose headers   'cache-control': 'max-age=0',
27 verbose headers   'content-length': '52',
27 verbose headers   'accept-ranges': 'bytes',
27 verbose headers   via: '1.1 varnish',
27 verbose headers   age: '0',
27 verbose headers   'x-served-by': 'cache-lax1435-LAX',
27 verbose headers   'x-cache': 'MISS',
27 verbose headers   'x-cache-hits': '0',
27 verbose headers   'x-timer': 'S1425846892.340193,VS0,VE176',
27 verbose headers   'keep-alive': 'timeout=10, max=50',
27 verbose headers   connection: 'Keep-Alive' }
28 silly registry.get cb [ 404,
28 silly registry.get   { date: 'Sun, 08 Mar 2015 20:34:52 GMT',
28 silly registry.get     server: 'CouchDB/1.5.0 (Erlang OTP/R16B03)',
28 silly registry.get     'content-type': 'application/json',
28 silly registry.get     'cache-control': 'max-age=0',
28 silly registry.get     'content-length': '52',
28 silly registry.get     'accept-ranges': 'bytes',
28 silly registry.get     via: '1.1 varnish',
28 silly registry.get     age: '0',
28 silly registry.get     'x-served-by': 'cache-lax1435-LAX',
28 silly registry.get     'x-cache': 'MISS',
28 silly registry.get     'x-cache-hits': '0',
28 silly registry.get     'x-timer': 'S1425846892.340193,VS0,VE176',
28 silly registry.get     'keep-alive': 'timeout=10, max=50',
28 silly registry.get     connection: 'Keep-Alive' } ]
29 silly lockFile 52200649-grunt-config-jshint grunt-config-jshint@
30 silly lockFile 52200649-grunt-config-jshint grunt-config-jshint@
31 error 404 404 Not Found: grunt-config-jshint
31 error 404
31 error 404 'grunt-config-jshint' is not in the npm registry.
31 error 404 You should bug the author to publish it
31 error 404
31 error 404 Note that you can also install from a
31 error 404 tarball, folder, or http url, or git url.
32 error System Darwin 14.1.0
33 error command "node" "/usr/local/bin/npm" "install" "--save-dev" "grunt-config-jshint"
34 error cwd /Users/stefanredfield/Desktop/new_sites/codefellows/build-library
35 error node -v v0.10.35
36 error npm -v 1.4.28
37 error code E404
38 verbose exit [ 1, true ]
